{"/home/fernando/Escritorio/configuracion-prueba/src/App.tsx": {"path":"/home/fernando/Escritorio/configuracion-prueba/src/App.tsx","statementMap":{"0":{"start":{"line":7,"column":28},"end":{"line":7,"column":39}},"1":{"start":{"line":9,"column":2},"end":{"line":32,"column":4}},"2":{"start":{"line":21,"column":31},"end":{"line":21,"column":61}},"3":{"start":{"line":21,"column":51},"end":{"line":21,"column":60}}},"fnMap":{"0":{"name":"App","decl":{"start":{"line":6,"column":9},"end":{"line":6,"column":12}},"loc":{"start":{"line":6,"column":15},"end":{"line":33,"column":1}},"line":6},"1":{"name":"(anonymous_1)","decl":{"start":{"line":21,"column":25},"end":{"line":21,"column":26}},"loc":{"start":{"line":21,"column":31},"end":{"line":21,"column":61}},"line":21},"2":{"name":"(anonymous_2)","decl":{"start":{"line":21,"column":40},"end":{"line":21,"column":41}},"loc":{"start":{"line":21,"column":51},"end":{"line":21,"column":60}},"line":21}},"branchMap":{},"s":{"0":0,"1":0,"2":0,"3":0},"f":{"0":0,"1":0,"2":0},"b":{}}
,"/home/fernando/Escritorio/configuracion-prueba/src/TestComponent.tsx": {"path":"/home/fernando/Escritorio/configuracion-prueba/src/TestComponent.tsx","statementMap":{"0":{"start":{"line":6,"column":39},"end":{"line":16,"column":1}},"1":{"start":{"line":7,"column":2},"end":{"line":7,"column":21}},"2":{"start":{"line":8,"column":20},"end":{"line":8,"column":31}},"3":{"start":{"line":10,"column":2},"end":{"line":15,"column":4}}},"fnMap":{"0":{"name":"(anonymous_0)","decl":{"start":{"line":6,"column":39},"end":{"line":6,"column":40}},"loc":{"start":{"line":6,"column":67},"end":{"line":16,"column":1}},"line":6}},"branchMap":{},"s":{"0":0,"1":0,"2":0,"3":0},"f":{"0":0},"b":{}}
,"/home/fernando/Escritorio/configuracion-prueba/src/main.tsx": {"path":"/home/fernando/Escritorio/configuracion-prueba/src/main.tsx","statementMap":{"0":{"start":{"line":6,"column":0},"end":{"line":10,"column":2}}},"fnMap":{},"branchMap":{},"s":{"0":0},"f":{},"b":{}}
,"/home/fernando/Escritorio/configuracion-prueba/src/vite-env.d.ts": {"path":"/home/fernando/Escritorio/configuracion-prueba/src/vite-env.d.ts","statementMap":{},"fnMap":{},"branchMap":{},"s":{},"f":{},"b":{}}
,"/home/fernando/Escritorio/configuracion-prueba/src/components/Hello.tsx": {"path":"/home/fernando/Escritorio/configuracion-prueba/src/components/Hello.tsx","statementMap":{"0":{"start":{"line":5,"column":36},"end":{"line":7,"column":1}},"1":{"start":{"line":6,"column":2},"end":{"line":6,"column":33}}},"fnMap":{"0":{"name":"(anonymous_0)","decl":{"start":{"line":5,"column":36},"end":{"line":5,"column":37}},"loc":{"start":{"line":5,"column":50},"end":{"line":7,"column":1}},"line":5}},"branchMap":{},"s":{"0":1,"1":1},"f":{"0":1},"b":{},"_coverageSchema":"1a1c01bbd47fc00a2c39e90264f33305004495a9","hash":"43fb525cd615ba4771870d3d8e2be2396f3047ab"}
,"/home/fernando/Escritorio/configuracion-prueba/src/components/Hello2.tsx": {"path":"/home/fernando/Escritorio/configuracion-prueba/src/components/Hello2.tsx","statementMap":{"0":{"start":{"line":5,"column":37},"end":{"line":7,"column":1}},"1":{"start":{"line":6,"column":2},"end":{"line":6,"column":33}}},"fnMap":{"0":{"name":"(anonymous_0)","decl":{"start":{"line":5,"column":37},"end":{"line":5,"column":38}},"loc":{"start":{"line":5,"column":51},"end":{"line":7,"column":1}},"line":5}},"branchMap":{},"s":{"0":1,"1":1},"f":{"0":1},"b":{},"_coverageSchema":"1a1c01bbd47fc00a2c39e90264f33305004495a9","hash":"6e9ae080afa9d7cadfe2a124e6411786a1aa6fa2"}
,"/home/fernando/Escritorio/configuracion-prueba/src/components/Hello3.tsx": {"path":"/home/fernando/Escritorio/configuracion-prueba/src/components/Hello3.tsx","statementMap":{"0":{"start":{"line":5,"column":37},"end":{"line":7,"column":1}},"1":{"start":{"line":6,"column":2},"end":{"line":6,"column":33}}},"fnMap":{"0":{"name":"(anonymous_0)","decl":{"start":{"line":5,"column":37},"end":{"line":5,"column":38}},"loc":{"start":{"line":5,"column":51},"end":{"line":7,"column":1}},"line":5}},"branchMap":{},"s":{"0":0,"1":0},"f":{"0":0},"b":{}}
,"/home/fernando/Escritorio/configuracion-prueba/src/config/jest/setupTests.ts": {"path":"/home/fernando/Escritorio/configuracion-prueba/src/config/jest/setupTests.ts","statementMap":{},"fnMap":{},"branchMap":{},"s":{},"f":{},"b":{}}
}
